<?xml version="1.0" encoding="UTF-8"?>
<Site BuildName="Win32-mingw32-make"
	BuildStamp="20240409-0707-Experimental"
	Name="DESKTOP-5ADU8I2"
	Generator="ctest-3.26.4"
	CompilerName="C:/Program Files (x86)/Microsoft Visual Studio/2019/BuildTools/VC/Tools/MSVC/14.29.30133/bin/Hostx86/x64/cl.exe"
	CompilerVersion="19.29.30146.0"
	OSName="Windows"
	Hostname="DESKTOP-5ADU8I2"
	OSRelease=" Professional"
	OSVersion=" (Build 19045)"
	OSPlatform="AMD64"
	Is64Bits="1"
	VendorString="GenuineIntel"
	VendorID="Intel Corporation"
	FamilyID="6"
	ModelID="14"
	ProcessorCacheSize="-1"
	NumberOfLogicalCPU="4"
	NumberOfPhysicalCPU="2"
	TotalVirtualMemory="19126"
	TotalPhysicalMemory="8069"
	LogicalProcessorsPerPhysical="2"
	ProcessorClockFrequency="2304"
	>
	<Testing>
		<StartDateTime>Apr 09 09:07 W. Europe Daylight Time</StartDateTime>
		<StartTestTime>1712646473</StartTestTime>
		<TestList/>
		<EndDateTime>Apr 09 09:07 W. Europe Daylight Time</EndDateTime>
		<EndTestTime>1712646473</EndTestTime>
		<ElapsedMinutes>0</ElapsedMinutes>
	</Testing>
</Site>
