<?xml version="1.0" encoding="UTF-8"?>
<Site BuildName="Win32-MSBuild"
	BuildStamp="20240402-2122-Experimental"
	Name="DESKTOP-5GR40P3"
	Generator="ctest-3.27.2-msvc1"
	CompilerName="C:/Program Files (x86)/Microsoft Visual Studio/2022/BuildTools/VC/Tools/MSVC/14.38.33130/bin/Hostx64/x86/cl.exe"
	CompilerVersion="19.38.33135.0"
	OSName="Windows"
	Hostname="DESKTOP-5GR40P3"
	OSRelease=" Professional"
	OSVersion=" (Build 19045)"
	OSPlatform="x86"
	Is64Bits="1"
	VendorString="GenuineIntel"
	VendorID="Intel Corporation"
	FamilyID="6"
	ModelID="10"
	ProcessorCacheSize="-1"
	NumberOfLogicalCPU="12"
	NumberOfPhysicalCPU="8"
	TotalVirtualMemory="23942"
	TotalPhysicalMemory="16108"
	LogicalProcessorsPerPhysical="1"
	ProcessorClockFrequency="2495"
	>
	<Testing>
		<StartDateTime>Apr 02 23:22 W. Europe Daylight Time</StartDateTime>
		<StartTestTime>1712092943</StartTestTime>
		<TestList/>
		<EndDateTime>Apr 02 23:22 W. Europe Daylight Time</EndDateTime>
		<EndTestTime>1712092943</EndTestTime>
		<ElapsedMinutes>0</ElapsedMinutes>
	</Testing>
</Site>
